<?xml version="1.0" encoding="UTF-8"?>
<testsuite name="com.example.project.TestDay4" tests="4" skipped="0" failures="0" errors="0" timestamp="2024-12-19T17:06:17" hostname="codespaces-f0727e" time="0.092">
  <properties/>
  <testcase name="testSimulateRaceLongerDuration()" classname="com.example.project.TestDay4" time="0.067"/>
  <testcase name="testSimulateSecondRunning()" classname="com.example.project.TestDay4" time="0.003"/>
  <testcase name="testReindeerCreation()" classname="com.example.project.TestDay4" time="0.004"/>
  <testcase name="testSimulateRaceWithHardcodedReindeers()" classname="com.example.project.TestDay4" time="0.005"/>
  <system-out><![CDATA[]]></system-out>
  <system-err><![CDATA[]]></system-err>
</testsuite>
